<?xml version="1.0" encoding="UTF-8"?>
<!-- Generated by org.testng.reporters.JUnitReportReporter -->
<testsuite hostname="SYNPYHYL9161DLL" failures="0" tests="1" name="com.synechron.practise.TestCase2" time="24.521" errors="0" timestamp="2024-12-05T11:04:54 IST" skipped="0">
  <testcase classname="com.synechron.practise.TestCase2" name="downloadpdf" time="24.521"/>
  <system-out/>
</testsuite> <!-- com.synechron.practise.TestCase2 -->
