<?xml version="1.0" encoding="UTF-8"?>
<!-- Generated by org.testng.reporters.JUnitReportReporter -->
<testsuite hostname="SYNPYHYL9161DLL" failures="0" tests="1" name="com.synechron.practise.SoftNHardAssertion" time="6.676" errors="0" timestamp="2024-12-05T12:58:24 IST" skipped="0">
  <testcase classname="com.synechron.practise.SoftNHardAssertion" name="Soft" time="6.676"/>
  <system-out/>
</testsuite> <!-- com.synechron.practise.SoftNHardAssertion -->
