<?xml version="1.0" encoding="UTF-8"?>
<!-- Generated by org.testng.reporters.JUnitReportReporter -->
<testsuite hostname="SYNPYHYL9161DLL" failures="0" tests="3" name="com.synechron.practise.PriorityExample" time="0.016" errors="0" timestamp="2024-12-05T11:21:21 IST" skipped="1">
  <testcase classname="com.synechron.practise.PriorityExample" name="login" time="0.014"/>
  <system-out/>
  <testcase classname="com.synechron.practise.PriorityExample" name="launch" time="0.002"/>
  <system-out/>
  <testcase classname="com.synechron.practise.PriorityExample" name="program">
    <skipped/>
  </testcase> <!-- program -->
  <system-out/>
</testsuite> <!-- com.synechron.practise.PriorityExample -->
