<?xml version="1.0" encoding="UTF-8"?>
<!-- Generated by org.testng.reporters.JUnitReportReporter -->
<testsuite hostname="SYNPYHYL9161DLL" failures="0" tests="2" name="com.synechron.practise.DependsOnMethodExample" time="0.011" errors="0" timestamp="2024-12-05T12:42:23 IST" skipped="0">
  <testcase classname="com.synechron.practise.DependsOnMethodExample" name="login" time="0.002"/>
  <system-out/>
  <testcase classname="com.synechron.practise.DependsOnMethodExample" name="launch" time="0.009"/>
  <system-out/>
</testsuite> <!-- com.synechron.practise.DependsOnMethodExample -->
