<?xml version="1.0" encoding="UTF-8"?>
<!-- Generated by org.testng.reporters.JUnitReportReporter -->
<testsuite hostname="SYNPYHYL9161DLL" failures="0" tests="1" name="com.synechron.practise.TestCase3" time="16.089" errors="0" timestamp="2024-12-05T11:27:32 IST" skipped="0">
  <testcase classname="com.synechron.practise.TestCase3" name="dragndrop" time="16.089"/>
  <system-out/>
</testsuite> <!-- com.synechron.practise.TestCase3 -->
