<?xml version="1.0" encoding="UTF-8"?>
<!-- Generated by org.testng.reporters.JUnitReportReporter -->
<testsuite hostname="SYNPYHYL9161DLL" failures="0" tests="2" name="com.synechron.practise.ParallelExecution" time="14.718" errors="0" timestamp="2024-12-05T12:34:47 IST" skipped="0">
  <testcase classname="com.synechron.practise.ParallelExecution" name="launchbrowser" time="5.035"/>
  <system-out/>
  <testcase classname="com.synechron.practise.ParallelExecution" name="launchbrowserFireFox" time="9.683"/>
  <system-out/>
</testsuite> <!-- com.synechron.practise.ParallelExecution -->
